[27Oct2022 22:14:49.206] [main/INFO] [cpw.mods.modlauncher.Launcher/MODLAUNCHER]: ModLauncher running: args [--username, vultorio, --version, 1.16.5-forge-36.2.34, --gameDir, C:/Users/evan\AppData\Roaming\.alpha67/alpha/, --assetsDir, C:/Users/evan\AppData\Roaming\.alpha67/alpha/assets, --assetIndex, 1.16, --uuid, f281053e121d4f9b8b690b2de83f98dc, --accessToken, ????????, --userType, mojang, --versionType, release, --launchTarget, fmlclient, --fml.forgeVersion, 36.2.34, --fml.mcVersion, 1.16.5, --fml.forgeGroup, net.minecraftforge, --fml.mcpVersion, 20210115.111550]
[27Oct2022 22:14:49.213] [main/INFO] [cpw.mods.modlauncher.Launcher/MODLAUNCHER]: ModLauncher 8.1.3+8.1.3+main-8.1.x.c94d18ec starting: java version 1.8.0_51 by Oracle Corporation
[27Oct2022 22:14:49.246] [main/DEBUG] [cpw.mods.modlauncher.LaunchServiceHandler/MODLAUNCHER]: Found launch services [minecraft,testharness,fmlclient,fmlserver]
[27Oct2022 22:14:49.262] [main/WARN] [cpw.mods.modlauncher.SecureJarHandler/]: LEGACY JDK DETECTED, SECURED JAR HANDLING DISABLED
[27Oct2022 22:14:49.288] [main/DEBUG] [cpw.mods.modlauncher.NameMappingServiceHandler/MODLAUNCHER]: Found naming services : []
[27Oct2022 22:14:49.467] [main/DEBUG] [cpw.mods.modlauncher.LaunchPluginHandler/MODLAUNCHER]: Found launch plugins: [mixin,eventbus,object_holder_definalize,runtime_enum_extender,accesstransformer,capability_inject_definalize,runtimedistcleaner]
[27Oct2022 22:14:49.493] [main/DEBUG] [cpw.mods.modlauncher.TransformationServicesHandler/MODLAUNCHER]: Discovering transformation services
[27Oct2022 22:14:49.674] [main/DEBUG] [cpw.mods.modlauncher.TransformationServicesHandler/MODLAUNCHER]: Found additional transformation services from discovery services: [C:\Users\evan\AppData\Roaming\.alpha67\alpha\mods\MixinBootstrap-1.0.5.jar, C:\Users\evan\AppData\Roaming\.alpha67\alpha\mods\OptiFine_1.16.5_HD_U_G8.jar]
[27Oct2022 22:14:49.813] [main/DEBUG] [cpw.mods.modlauncher.TransformationServicesHandler/MODLAUNCHER]: Found transformer services : [mixin,OptiFine,fml,mixinbootstrap]
[27Oct2022 22:14:49.813] [main/DEBUG] [cpw.mods.modlauncher.TransformationServicesHandler/MODLAUNCHER]: Transformation services loading
[27Oct2022 22:14:49.815] [main/DEBUG] [cpw.mods.modlauncher.TransformationServiceDecorator/MODLAUNCHER]: Loading service mixin
[27Oct2022 22:14:49.815] [main/DEBUG] [cpw.mods.modlauncher.TransformationServiceDecorator/MODLAUNCHER]: Loaded service mixin
[27Oct2022 22:14:49.816] [main/DEBUG] [cpw.mods.modlauncher.TransformationServiceDecorator/MODLAUNCHER]: Loading service OptiFine
[27Oct2022 22:14:49.816] [main/INFO] [optifine.OptiFineTransformationService/]: OptiFineTransformationService.onLoad
[27Oct2022 22:14:49.821] [main/INFO] [optifine.OptiFineTransformationService/]: OptiFine ZIP file: C:\Users\evan\AppData\Roaming\.alpha67\alpha\mods\OptiFine_1.16.5_HD_U_G8.jar
[27Oct2022 22:14:49.825] [main/INFO] [optifine.OptiFineTransformer/]: Target.PRE_CLASS is available
[27Oct2022 22:14:49.855] [main/DEBUG] [cpw.mods.modlauncher.TransformationServiceDecorator/MODLAUNCHER]: Loaded service OptiFine
[27Oct2022 22:14:49.855] [main/DEBUG] [cpw.mods.modlauncher.TransformationServiceDecorator/MODLAUNCHER]: Loading service fml
[27Oct2022 22:14:49.855] [main/DEBUG] [net.minecraftforge.fml.loading.FMLServiceProvider/]: Injecting tracing printstreams for STDOUT/STDERR.
[27Oct2022 22:14:49.861] [main/DEBUG] [net.minecraftforge.fml.loading.LauncherVersion/CORE]: Found FMLLauncher version 36.2
[27Oct2022 22:14:49.862] [main/DEBUG] [net.minecraftforge.fml.loading.FMLLoader/CORE]: FML 36.2 loading
[27Oct2022 22:14:49.862] [main/DEBUG] [net.minecraftforge.fml.loading.FMLLoader/CORE]: FML found ModLauncher version : 8.1.3+8.1.3+main-8.1.x.c94d18ec
[27Oct2022 22:14:49.862] [main/DEBUG] [net.minecraftforge.fml.loading.FMLLoader/CORE]: Initializing modjar URL handler
[27Oct2022 22:14:49.864] [main/DEBUG] [net.minecraftforge.fml.loading.FMLLoader/CORE]: FML found AccessTransformer version : 3.0.1+61+master.47bca0e
[27Oct2022 22:14:49.865] [main/DEBUG] [net.minecraftforge.fml.loading.FMLLoader/CORE]: FML found EventBus version : 4.0.0+65+master.6080a3f
[27Oct2022 22:14:49.866] [main/DEBUG] [net.minecraftforge.fml.loading.FMLLoader/CORE]: Found Runtime Dist Cleaner
[27Oct2022 22:14:49.873] [main/DEBUG] [net.minecraftforge.fml.loading.FMLLoader/CORE]: FML found CoreMod version : 4.0.6+14+master.c21a551
[27Oct2022 22:14:49.874] [main/DEBUG] [net.minecraftforge.fml.loading.FMLLoader/CORE]: Found ForgeSPI package implementation version 3.2.0+13+master.8ddb2cc
[27Oct2022 22:14:49.874] [main/DEBUG] [net.minecraftforge.fml.loading.FMLLoader/CORE]: Found ForgeSPI package specification 3
[27Oct2022 22:14:50.264] [main/INFO] [net.minecraftforge.fml.loading.FixSSL/CORE]: Added Lets Encrypt root certificates as additional trust
[27Oct2022 22:14:50.265] [main/DEBUG] [cpw.mods.modlauncher.TransformationServiceDecorator/MODLAUNCHER]: Loaded service fml
[27Oct2022 22:14:50.265] [main/DEBUG] [cpw.mods.modlauncher.TransformationServiceDecorator/MODLAUNCHER]: Loading service mixinbootstrap
[27Oct2022 22:14:50.266] [main/DEBUG] [MixinBootstrap Launch/]: MixinLauncherPlugin detected
[27Oct2022 22:14:50.266] [main/DEBUG] [cpw.mods.modlauncher.TransformationServiceDecorator/MODLAUNCHER]: Loaded service mixinbootstrap
[27Oct2022 22:14:50.272] [main/DEBUG] [cpw.mods.modlauncher.TransformationServicesHandler/MODLAUNCHER]: Configuring option handling for services
[27Oct2022 22:14:50.298] [main/DEBUG] [cpw.mods.modlauncher.TransformationServicesHandler/MODLAUNCHER]: Transformation services initializing
[27Oct2022 22:14:50.299] [main/DEBUG] [cpw.mods.modlauncher.TransformationServiceDecorator/MODLAUNCHER]: Initializing transformation service mixin
[27Oct2022 22:14:50.343] [main/DEBUG] [mixin/]: Mixin bootstrap service org.spongepowered.asm.service.mojang.MixinServiceLaunchWrapperBootstrap is not available: LaunchWrapper is not available
[27Oct2022 22:14:50.343] [main/DEBUG] [mixin/]: MixinService [ModLauncher] was successfully booted in sun.misc.Launcher$AppClassLoader@4554617c
[27Oct2022 22:14:50.397] [main/INFO] [mixin/]: SpongePowered MIXIN Subsystem Version=0.8.4 Source=file:/C:/Users/evan/AppData/Roaming/.alpha67/alpha/libraries/org/spongepowered/mixin/0.8.4/mixin-0.8.4.jar Service=ModLauncher Env=CLIENT
[27Oct2022 22:14:50.415] [main/DEBUG] [mixin/]: Initialising Mixin Platform Manager
[27Oct2022 22:14:50.416] [main/DEBUG] [mixin/]: Adding mixin platform agents for container ModLauncher Root Container(ModLauncher:4f56a0a2)
[27Oct2022 22:14:50.417] [main/DEBUG] [mixin/]: Instancing new MixinPlatformAgentMinecraftForge for ModLauncher Root Container(ModLauncher:4f56a0a2)
[27Oct2022 22:14:50.419] [main/DEBUG] [mixin/]: MixinPlatformAgentMinecraftForge rejected container ModLauncher Root Container(ModLauncher:4f56a0a2)
[27Oct2022 22:14:50.420] [main/DEBUG] [mixin/]: Instancing new MixinPlatformAgentDefault for ModLauncher Root Container(ModLauncher:4f56a0a2)
[27Oct2022 22:14:50.420] [main/DEBUG] [mixin/]: MixinPlatformAgentDefault accepted container ModLauncher Root Container(ModLauncher:4f56a0a2)
[27Oct2022 22:14:50.438] [main/DEBUG] [cpw.mods.modlauncher.TransformationServiceDecorator/MODLAUNCHER]: Initialized transformation service mixin
[27Oct2022 22:14:50.438] [main/DEBUG] [cpw.mods.modlauncher.TransformationServiceDecorator/MODLAUNCHER]: Initializing transformation service OptiFine
[27Oct2022 22:14:50.438] [main/INFO] [optifine.OptiFineTransformationService/]: OptiFineTransformationService.initialize
[27Oct2022 22:14:50.439] [main/DEBUG] [cpw.mods.modlauncher.TransformationServiceDecorator/MODLAUNCHER]: Initialized transformation service OptiFine
[27Oct2022 22:14:50.439] [main/DEBUG] [cpw.mods.modlauncher.TransformationServiceDecorator/MODLAUNCHER]: Initializing transformation service fml
[27Oct2022 22:14:50.439] [main/DEBUG] [net.minecraftforge.fml.loading.FMLServiceProvider/CORE]: Setting up basic FML game directories
[27Oct2022 22:14:50.463] [main/DEBUG] [net.minecraftforge.fml.loading.FileUtils/CORE]: Found existing GAMEDIR directory : C:\Users\evan\AppData\Roaming\.alpha67\alpha
[27Oct2022 22:14:50.465] [main/DEBUG] [net.minecraftforge.fml.loading.FMLPaths/CORE]: Path GAMEDIR is C:\Users\evan\AppData\Roaming\.alpha67\alpha
[27Oct2022 22:14:50.466] [main/DEBUG] [net.minecraftforge.fml.loading.FileUtils/CORE]: Found existing MODSDIR directory : C:\Users\evan\AppData\Roaming\.alpha67\alpha\mods
[27Oct2022 22:14:50.466] [main/DEBUG] [net.minecraftforge.fml.loading.FMLPaths/CORE]: Path MODSDIR is C:\Users\evan\AppData\Roaming\.alpha67\alpha\mods
[27Oct2022 22:14:50.466] [main/DEBUG] [net.minecraftforge.fml.loading.FileUtils/CORE]: Found existing CONFIGDIR directory : C:\Users\evan\AppData\Roaming\.alpha67\alpha\config
[27Oct2022 22:14:50.466] [main/DEBUG] [net.minecraftforge.fml.loading.FMLPaths/CORE]: Path CONFIGDIR is C:\Users\evan\AppData\Roaming\.alpha67\alpha\config
[27Oct2022 22:14:50.467] [main/DEBUG] [net.minecraftforge.fml.loading.FMLPaths/CORE]: Path FMLCONFIG is C:\Users\evan\AppData\Roaming\.alpha67\alpha\config\fml.toml
[27Oct2022 22:14:50.467] [main/DEBUG] [net.minecraftforge.fml.loading.FMLServiceProvider/CORE]: Loading configuration
[27Oct2022 22:14:50.566] [main/DEBUG] [net.minecraftforge.fml.loading.FileUtils/CORE]: Found existing default config directory directory : C:\Users\evan\AppData\Roaming\.alpha67\alpha\defaultconfigs
[27Oct2022 22:14:50.566] [main/DEBUG] [net.minecraftforge.fml.loading.FMLServiceProvider/CORE]: Preparing ModFile
[27Oct2022 22:14:50.574] [main/DEBUG] [net.minecraftforge.fml.loading.FMLServiceProvider/CORE]: Preparing launch handler
[27Oct2022 22:14:50.575] [main/DEBUG] [net.minecraftforge.fml.loading.FMLLoader/CORE]: Using fmlclient as launch service
[27Oct2022 22:14:51.244] [main/INFO] [STDERR/]: [org.lwjgl.glfw.GLFWErrorCallback$1:invoke:105]: 	Description : WGL: The driver does not appear to support OpenGL
[27Oct2022 22:14:51.245] [main/INFO] [STDERR/]: [org.lwjgl.glfw.GLFWErrorCallback$1:invoke:106]: 	Stacktrace  :
[27Oct2022 22:14:51.246] [main/INFO] [STDERR/]: [org.lwjgl.glfw.GLFWErrorCallback$1:invoke:110]: org.lwjgl.glfw.GLFW.nglfwCreateWindow(GLFW.java:1714)
[27Oct2022 22:14:51.246] [main/INFO] [STDERR/]: [org.lwjgl.glfw.GLFWErrorCallback$1:invoke:110]: org.lwjgl.glfw.GLFW.glfwCreateWindow(GLFW.java:1897)
[27Oct2022 22:14:51.247] [main/INFO] [STDERR/]: [org.lwjgl.glfw.GLFWErrorCallback$1:invoke:110]: net.minecraftforge.fml.loading.progress.ClientVisualization.initWindow(ClientVisualization.java:103)
[27Oct2022 22:14:51.247] [main/INFO] [STDERR/]: [org.lwjgl.glfw.GLFWErrorCallback$1:invoke:110]: net.minecraftforge.fml.loading.progress.ClientVisualization.start(ClientVisualization.java:349)
[27Oct2022 22:14:51.248] [main/INFO] [STDERR/]: [org.lwjgl.glfw.GLFWErrorCallback$1:invoke:110]: net.minecraftforge.fml.loading.progress.EarlyProgressVisualization.accept(EarlyProgressVisualization.java:43)
[27Oct2022 22:14:51.248] [main/INFO] [STDERR/]: [org.lwjgl.glfw.GLFWErrorCallback$1:invoke:110]: net.minecraftforge.fml.loading.FMLLoader.setupLaunchHandler(FMLLoader.java:190)
[27Oct2022 22:14:51.249] [main/INFO] [STDERR/]: [org.lwjgl.glfw.GLFWErrorCallback$1:invoke:110]: net.minecraftforge.fml.loading.FMLServiceProvider.initialize(FMLServiceProvider.java:94)
[27Oct2022 22:14:51.249] [main/INFO] [STDERR/]: [org.lwjgl.glfw.GLFWErrorCallback$1:invoke:110]: cpw.mods.modlauncher.TransformationServiceDecorator.onInitialize(TransformationServiceDecorator.java:68)
[27Oct2022 22:14:51.250] [main/INFO] [STDERR/]: [org.lwjgl.glfw.GLFWErrorCallback$1:invoke:110]: cpw.mods.modlauncher.TransformationServicesHandler.lambda$initialiseTransformationServices$7(TransformationServicesHandler.java:107)
[27Oct2022 22:14:51.250] [main/INFO] [STDERR/]: [org.lwjgl.glfw.GLFWErrorCallback$1:invoke:110]: cpw.mods.modlauncher.TransformationServicesHandler$$Lambda$112/1813187653.accept(Unknown Source)
[27Oct2022 22:14:51.251] [main/INFO] [STDERR/]: [org.lwjgl.glfw.GLFWErrorCallback$1:invoke:110]: java.util.HashMap$Values.forEach(HashMap.java:972)
[27Oct2022 22:14:51.251] [main/INFO] [STDERR/]: [org.lwjgl.glfw.GLFWErrorCallback$1:invoke:110]: cpw.mods.modlauncher.TransformationServicesHandler.initialiseTransformationServices(TransformationServicesHandler.java:107)
[27Oct2022 22:14:51.252] [main/INFO] [STDERR/]: [org.lwjgl.glfw.GLFWErrorCallback$1:invoke:110]: cpw.mods.modlauncher.TransformationServicesHandler.initializeTransformationServices(TransformationServicesHandler.java:59)
[27Oct2022 22:14:51.252] [main/INFO] [STDERR/]: [org.lwjgl.glfw.GLFWErrorCallback$1:invoke:110]: cpw.mods.modlauncher.Launcher.run(Launcher.java:76)
[27Oct2022 22:14:51.253] [main/INFO] [STDERR/]: [org.lwjgl.glfw.GLFWErrorCallback$1:invoke:110]: cpw.mods.modlauncher.Launcher.main(Launcher.java:66)
[27Oct2022 22:14:51.256] [main/INFO] [STDERR/]: [java.lang.ThreadGroup:uncaughtException:1052]: java.lang.RuntimeException: Failed to create the GLFW window
[27Oct2022 22:14:51.256] [main/INFO] [STDERR/]: [java.lang.ThreadGroup:uncaughtException:1052]: 	at net.minecraftforge.fml.loading.progress.ClientVisualization.initWindow(ClientVisualization.java:105)
[27Oct2022 22:14:51.257] [main/INFO] [STDERR/]: [java.lang.ThreadGroup:uncaughtException:1052]: 	at net.minecraftforge.fml.loading.progress.ClientVisualization.start(ClientVisualization.java:349)
[27Oct2022 22:14:51.258] [main/INFO] [STDERR/]: [java.lang.ThreadGroup:uncaughtException:1052]: 	at net.minecraftforge.fml.loading.progress.EarlyProgressVisualization.accept(EarlyProgressVisualization.java:43)
[27Oct2022 22:14:51.259] [main/INFO] [STDERR/]: [java.lang.ThreadGroup:uncaughtException:1052]: 	at net.minecraftforge.fml.loading.FMLLoader.setupLaunchHandler(FMLLoader.java:190)
[27Oct2022 22:14:51.259] [main/INFO] [STDERR/]: [java.lang.ThreadGroup:uncaughtException:1052]: 	at net.minecraftforge.fml.loading.FMLServiceProvider.initialize(FMLServiceProvider.java:94)
[27Oct2022 22:14:51.260] [main/INFO] [STDERR/]: [java.lang.ThreadGroup:uncaughtException:1052]: 	at cpw.mods.modlauncher.TransformationServiceDecorator.onInitialize(TransformationServiceDecorator.java:68)
[27Oct2022 22:14:51.260] [main/INFO] [STDERR/]: [java.lang.ThreadGroup:uncaughtException:1052]: 	at cpw.mods.modlauncher.TransformationServicesHandler.lambda$initialiseTransformationServices$7(TransformationServicesHandler.java:107)
[27Oct2022 22:14:51.260] [main/INFO] [STDERR/]: [java.lang.ThreadGroup:uncaughtException:1052]: 	at cpw.mods.modlauncher.TransformationServicesHandler$$Lambda$112/1813187653.accept(Unknown Source)
[27Oct2022 22:14:51.261] [main/INFO] [STDERR/]: [java.lang.ThreadGroup:uncaughtException:1052]: 	at java.util.HashMap$Values.forEach(HashMap.java:972)
[27Oct2022 22:14:51.261] [main/INFO] [STDERR/]: [java.lang.ThreadGroup:uncaughtException:1052]: 	at cpw.mods.modlauncher.TransformationServicesHandler.initialiseTransformationServices(TransformationServicesHandler.java:107)
[27Oct2022 22:14:51.261] [main/INFO] [STDERR/]: [java.lang.ThreadGroup:uncaughtException:1052]: 	at cpw.mods.modlauncher.TransformationServicesHandler.initializeTransformationServices(TransformationServicesHandler.java:59)
[27Oct2022 22:14:51.262] [main/INFO] [STDERR/]: [java.lang.ThreadGroup:uncaughtException:1052]: 	at cpw.mods.modlauncher.Launcher.run(Launcher.java:76)
[27Oct2022 22:14:51.262] [main/INFO] [STDERR/]: [java.lang.ThreadGroup:uncaughtException:1052]: 	at cpw.mods.modlauncher.Launcher.main(Launcher.java:66)
