[27Oct2022 22:14:49.206] [main/INFO] [cpw.mods.modlauncher.Launcher/MODLAUNCHER]: ModLauncher running: args [--username, vultorio, --version, 1.16.5-forge-36.2.34, --gameDir, C:/Users/evan\AppData\Roaming\.alpha67/alpha/, --assetsDir, C:/Users/evan\AppData\Roaming\.alpha67/alpha/assets, --assetIndex, 1.16, --uuid, f281053e121d4f9b8b690b2de83f98dc, --accessToken, ????????, --userType, mojang, --versionType, release, --launchTarget, fmlclient, --fml.forgeVersion, 36.2.34, --fml.mcVersion, 1.16.5, --fml.forgeGroup, net.minecraftforge, --fml.mcpVersion, 20210115.111550]
[27Oct2022 22:14:49.213] [main/INFO] [cpw.mods.modlauncher.Launcher/MODLAUNCHER]: ModLauncher 8.1.3+8.1.3+main-8.1.x.c94d18ec starting: java version 1.8.0_51 by Oracle Corporation
[27Oct2022 22:14:49.262] [main/WARN] [cpw.mods.modlauncher.SecureJarHandler/]: LEGACY JDK DETECTED, SECURED JAR HANDLING DISABLED
[27Oct2022 22:14:49.816] [main/INFO] [optifine.OptiFineTransformationService/]: OptiFineTransformationService.onLoad
[27Oct2022 22:14:49.821] [main/INFO] [optifine.OptiFineTransformationService/]: OptiFine ZIP file: C:\Users\evan\AppData\Roaming\.alpha67\alpha\mods\OptiFine_1.16.5_HD_U_G8.jar
[27Oct2022 22:14:49.825] [main/INFO] [optifine.OptiFineTransformer/]: Target.PRE_CLASS is available
[27Oct2022 22:14:50.264] [main/INFO] [net.minecraftforge.fml.loading.FixSSL/CORE]: Added Lets Encrypt root certificates as additional trust
[27Oct2022 22:14:50.397] [main/INFO] [mixin/]: SpongePowered MIXIN Subsystem Version=0.8.4 Source=file:/C:/Users/evan/AppData/Roaming/.alpha67/alpha/libraries/org/spongepowered/mixin/0.8.4/mixin-0.8.4.jar Service=ModLauncher Env=CLIENT
[27Oct2022 22:14:50.438] [main/INFO] [optifine.OptiFineTransformationService/]: OptiFineTransformationService.initialize
[27Oct2022 22:14:51.244] [main/INFO] [STDERR/]: [org.lwjgl.glfw.GLFWErrorCallback$1:invoke:105]: 	Description : WGL: The driver does not appear to support OpenGL
[27Oct2022 22:14:51.245] [main/INFO] [STDERR/]: [org.lwjgl.glfw.GLFWErrorCallback$1:invoke:106]: 	Stacktrace  :
[27Oct2022 22:14:51.246] [main/INFO] [STDERR/]: [org.lwjgl.glfw.GLFWErrorCallback$1:invoke:110]: org.lwjgl.glfw.GLFW.nglfwCreateWindow(GLFW.java:1714)
[27Oct2022 22:14:51.246] [main/INFO] [STDERR/]: [org.lwjgl.glfw.GLFWErrorCallback$1:invoke:110]: org.lwjgl.glfw.GLFW.glfwCreateWindow(GLFW.java:1897)
[27Oct2022 22:14:51.247] [main/INFO] [STDERR/]: [org.lwjgl.glfw.GLFWErrorCallback$1:invoke:110]: net.minecraftforge.fml.loading.progress.ClientVisualization.initWindow(ClientVisualization.java:103)
[27Oct2022 22:14:51.247] [main/INFO] [STDERR/]: [org.lwjgl.glfw.GLFWErrorCallback$1:invoke:110]: net.minecraftforge.fml.loading.progress.ClientVisualization.start(ClientVisualization.java:349)
[27Oct2022 22:14:51.248] [main/INFO] [STDERR/]: [org.lwjgl.glfw.GLFWErrorCallback$1:invoke:110]: net.minecraftforge.fml.loading.progress.EarlyProgressVisualization.accept(EarlyProgressVisualization.java:43)
[27Oct2022 22:14:51.248] [main/INFO] [STDERR/]: [org.lwjgl.glfw.GLFWErrorCallback$1:invoke:110]: net.minecraftforge.fml.loading.FMLLoader.setupLaunchHandler(FMLLoader.java:190)
[27Oct2022 22:14:51.249] [main/INFO] [STDERR/]: [org.lwjgl.glfw.GLFWErrorCallback$1:invoke:110]: net.minecraftforge.fml.loading.FMLServiceProvider.initialize(FMLServiceProvider.java:94)
[27Oct2022 22:14:51.249] [main/INFO] [STDERR/]: [org.lwjgl.glfw.GLFWErrorCallback$1:invoke:110]: cpw.mods.modlauncher.TransformationServiceDecorator.onInitialize(TransformationServiceDecorator.java:68)
[27Oct2022 22:14:51.250] [main/INFO] [STDERR/]: [org.lwjgl.glfw.GLFWErrorCallback$1:invoke:110]: cpw.mods.modlauncher.TransformationServicesHandler.lambda$initialiseTransformationServices$7(TransformationServicesHandler.java:107)
[27Oct2022 22:14:51.250] [main/INFO] [STDERR/]: [org.lwjgl.glfw.GLFWErrorCallback$1:invoke:110]: cpw.mods.modlauncher.TransformationServicesHandler$$Lambda$112/1813187653.accept(Unknown Source)
[27Oct2022 22:14:51.251] [main/INFO] [STDERR/]: [org.lwjgl.glfw.GLFWErrorCallback$1:invoke:110]: java.util.HashMap$Values.forEach(HashMap.java:972)
[27Oct2022 22:14:51.251] [main/INFO] [STDERR/]: [org.lwjgl.glfw.GLFWErrorCallback$1:invoke:110]: cpw.mods.modlauncher.TransformationServicesHandler.initialiseTransformationServices(TransformationServicesHandler.java:107)
[27Oct2022 22:14:51.252] [main/INFO] [STDERR/]: [org.lwjgl.glfw.GLFWErrorCallback$1:invoke:110]: cpw.mods.modlauncher.TransformationServicesHandler.initializeTransformationServices(TransformationServicesHandler.java:59)
[27Oct2022 22:14:51.252] [main/INFO] [STDERR/]: [org.lwjgl.glfw.GLFWErrorCallback$1:invoke:110]: cpw.mods.modlauncher.Launcher.run(Launcher.java:76)
[27Oct2022 22:14:51.253] [main/INFO] [STDERR/]: [org.lwjgl.glfw.GLFWErrorCallback$1:invoke:110]: cpw.mods.modlauncher.Launcher.main(Launcher.java:66)
[27Oct2022 22:14:51.256] [main/INFO] [STDERR/]: [java.lang.ThreadGroup:uncaughtException:1052]: java.lang.RuntimeException: Failed to create the GLFW window
[27Oct2022 22:14:51.256] [main/INFO] [STDERR/]: [java.lang.ThreadGroup:uncaughtException:1052]: 	at net.minecraftforge.fml.loading.progress.ClientVisualization.initWindow(ClientVisualization.java:105)
[27Oct2022 22:14:51.257] [main/INFO] [STDERR/]: [java.lang.ThreadGroup:uncaughtException:1052]: 	at net.minecraftforge.fml.loading.progress.ClientVisualization.start(ClientVisualization.java:349)
[27Oct2022 22:14:51.258] [main/INFO] [STDERR/]: [java.lang.ThreadGroup:uncaughtException:1052]: 	at net.minecraftforge.fml.loading.progress.EarlyProgressVisualization.accept(EarlyProgressVisualization.java:43)
[27Oct2022 22:14:51.259] [main/INFO] [STDERR/]: [java.lang.ThreadGroup:uncaughtException:1052]: 	at net.minecraftforge.fml.loading.FMLLoader.setupLaunchHandler(FMLLoader.java:190)
[27Oct2022 22:14:51.259] [main/INFO] [STDERR/]: [java.lang.ThreadGroup:uncaughtException:1052]: 	at net.minecraftforge.fml.loading.FMLServiceProvider.initialize(FMLServiceProvider.java:94)
[27Oct2022 22:14:51.260] [main/INFO] [STDERR/]: [java.lang.ThreadGroup:uncaughtException:1052]: 	at cpw.mods.modlauncher.TransformationServiceDecorator.onInitialize(TransformationServiceDecorator.java:68)
[27Oct2022 22:14:51.260] [main/INFO] [STDERR/]: [java.lang.ThreadGroup:uncaughtException:1052]: 	at cpw.mods.modlauncher.TransformationServicesHandler.lambda$initialiseTransformationServices$7(TransformationServicesHandler.java:107)
[27Oct2022 22:14:51.260] [main/INFO] [STDERR/]: [java.lang.ThreadGroup:uncaughtException:1052]: 	at cpw.mods.modlauncher.TransformationServicesHandler$$Lambda$112/1813187653.accept(Unknown Source)
[27Oct2022 22:14:51.261] [main/INFO] [STDERR/]: [java.lang.ThreadGroup:uncaughtException:1052]: 	at java.util.HashMap$Values.forEach(HashMap.java:972)
[27Oct2022 22:14:51.261] [main/INFO] [STDERR/]: [java.lang.ThreadGroup:uncaughtException:1052]: 	at cpw.mods.modlauncher.TransformationServicesHandler.initialiseTransformationServices(TransformationServicesHandler.java:107)
[27Oct2022 22:14:51.261] [main/INFO] [STDERR/]: [java.lang.ThreadGroup:uncaughtException:1052]: 	at cpw.mods.modlauncher.TransformationServicesHandler.initializeTransformationServices(TransformationServicesHandler.java:59)
[27Oct2022 22:14:51.262] [main/INFO] [STDERR/]: [java.lang.ThreadGroup:uncaughtException:1052]: 	at cpw.mods.modlauncher.Launcher.run(Launcher.java:76)
[27Oct2022 22:14:51.262] [main/INFO] [STDERR/]: [java.lang.ThreadGroup:uncaughtException:1052]: 	at cpw.mods.modlauncher.Launcher.main(Launcher.java:66)
