[28Dec2021 14:47:15.178] [main/INFO] [cpw.mods.modlauncher.Launcher/MODLAUNCHER]: ModLauncher running: args [--username, vultorio, --version, 1.16.5-forge-36.0.0, --gameDir, C:/Users/vultorio\AppData\Roaming\.alpha67/alpha/, --assetsDir, C:/Users/vultorio\AppData\Roaming\.alpha67/alpha/assets, --assetIndex, 1.16, --uuid, f4d5b14300b64d1fad8bed0f8436bdf5, --accessToken, ????????, --userType, mojang, --versionType, release, --launchTarget, fmlclient, --fml.forgeVersion, 36.0.0, --fml.mcVersion, 1.16.5, --fml.forgeGroup, net.minecraftforge, --fml.mcpVersion, 20210115.111550]
[28Dec2021 14:47:15.189] [main/INFO] [cpw.mods.modlauncher.Launcher/MODLAUNCHER]: ModLauncher 8.0.9+86+master.3cf110c starting: java version 1.8.0_51 by Oracle Corporation
[28Dec2021 14:47:15.202] [main/WARN] [cpw.mods.modlauncher.SecureJarHandler/]: LEGACY JDK DETECTED, SECURED JAR HANDLING DISABLED
[28Dec2021 14:47:15.689] [main/INFO] [net.minecraftforge.fml.loading.FixSSL/CORE]: Added Lets Encrypt root certificates as additional trust
[28Dec2021 14:47:15.722] [main/INFO] [mixin/]: SpongePowered MIXIN Subsystem Version=0.8.2 Source=file:/C:/Users/vultorio/AppData/Roaming/.alpha67/alpha/libraries/org/spongepowered/mixin/0.8.2/mixin-0.8.2.jar Service=ModLauncher Env=CLIENT
[28Dec2021 14:47:17.189] [main/INFO] [cpw.mods.modlauncher.LaunchServiceHandler/MODLAUNCHER]: Launching target 'fmlclient' with arguments [--version, 1.16.5-forge-36.0.0, --gameDir, C:\Users\vultorio\AppData\Roaming\.alpha67\alpha, --assetsDir, C:\Users\vultorio\AppData\Roaming\.alpha67\alpha\assets, --uuid, f4d5b14300b64d1fad8bed0f8436bdf5, --username, vultorio, --assetIndex, 1.16, --accessToken, ????????, --userType, mojang, --versionType, release]
[28Dec2021 14:47:22.287] [Render thread/INFO] [com.mojang.authlib.yggdrasil.YggdrasilAuthenticationService/]: Environment: authHost='https://authserver.mojang.com', accountsHost='https://api.mojang.com', sessionHost='https://sessionserver.mojang.com', servicesHost='https://api.minecraftservices.com', name='PROD'
[28Dec2021 14:47:23.436] [Render thread/ERROR] [net.minecraft.client.Minecraft/]: Failed to verify authentication
com.mojang.authlib.exceptions.AuthenticationUnavailableException: null
	at com.mojang.authlib.yggdrasil.YggdrasilSocialInteractionsService.checkPrivileges(YggdrasilSocialInteractionsService.java:97) ~[authlib-2.1.28.jar:?]
	at com.mojang.authlib.yggdrasil.YggdrasilSocialInteractionsService.<init>(YggdrasilSocialInteractionsService.java:40) ~[authlib-2.1.28.jar:?]
	at com.mojang.authlib.yggdrasil.YggdrasilAuthenticationService.createSocialInteractionsService(YggdrasilAuthenticationService.java:152) ~[authlib-2.1.28.jar:?]
	at net.minecraft.client.Minecraft.func_244735_a(Minecraft.java:551) [?:?]
	at net.minecraft.client.Minecraft.<init>(Minecraft.java:383) [?:?]
	at net.minecraft.client.main.Main.main(Main.java:149) [?:?]
	at sun.reflect.NativeMethodAccessorImpl.invoke0(Native Method) ~[?:1.8.0_51]
	at sun.reflect.NativeMethodAccessorImpl.invoke(NativeMethodAccessorImpl.java:62) ~[?:1.8.0_51]
	at sun.reflect.DelegatingMethodAccessorImpl.invoke(DelegatingMethodAccessorImpl.java:43) ~[?:1.8.0_51]
	at java.lang.reflect.Method.invoke(Method.java:497) ~[?:1.8.0_51]
	at net.minecraftforge.fml.loading.FMLClientLaunchProvider.lambda$launchService$0(FMLClientLaunchProvider.java:51) [forge-1.16.5-36.0.0.jar:36.0]
	at net.minecraftforge.fml.loading.FMLClientLaunchProvider$$Lambda$428/995631377.call(Unknown Source) [forge-1.16.5-36.0.0.jar:36.0]
	at cpw.mods.modlauncher.LaunchServiceHandlerDecorator.launch(LaunchServiceHandlerDecorator.java:37) [modlauncher-8.0.9.jar:?]
	at cpw.mods.modlauncher.LaunchServiceHandler.launch(LaunchServiceHandler.java:54) [modlauncher-8.0.9.jar:?]
	at cpw.mods.modlauncher.LaunchServiceHandler.launch(LaunchServiceHandler.java:72) [modlauncher-8.0.9.jar:?]
	at cpw.mods.modlauncher.Launcher.run(Launcher.java:82) [modlauncher-8.0.9.jar:?]
	at cpw.mods.modlauncher.Launcher.main(Launcher.java:66) [modlauncher-8.0.9.jar:?]
[28Dec2021 14:47:23.445] [Render thread/INFO] [net.minecraft.client.Minecraft/]: Setting user: vultorio
[28Dec2021 14:47:23.507] [Render thread/INFO] [net.minecraft.client.Minecraft/]: Backend library: LWJGL version 3.2.2 build 10
[28Dec2021 14:47:24.093] [Render thread/FATAL] [net.minecraftforge.fml.ModLoader/LOADING]: File C:\Users\vultorio\AppData\Roaming\.alpha67\alpha\mods\alpha67-beta.jar constructed 2 mods: [BROKEN, amc], but had 1 mods specified: [amc]
[28Dec2021 14:47:24.094] [Render thread/FATAL] [net.minecraftforge.fml.ModLoader/CORE]: Failed to initialize mod containers
net.minecraftforge.fml.ModLoadingException: mods.toml missing metadata for modid customwindowtitle
	at net.minecraftforge.fml.ModLoader.lambda$buildModContainerFromTOML$32(ModLoader.java:295) ~[?:?]
	at net.minecraftforge.fml.ModLoader$$Lambda$3031/1983283775.get(Unknown Source) ~[?:?]
	at java.util.Optional.orElseThrow(Optional.java:290) ~[?:1.8.0_51]
	at net.minecraftforge.fml.ModLoader.buildModContainerFromTOML(ModLoader.java:295) ~[?:?]
	at net.minecraftforge.fml.ModLoader.lambda$buildMods$29(ModLoader.java:275) ~[?:?]
	at net.minecraftforge.fml.ModLoader$$Lambda$3029/639690519.apply(Unknown Source) ~[?:?]
	at java.util.stream.ReferencePipeline$3$1.accept(ReferencePipeline.java:193) ~[?:1.8.0_51]
	at java.util.HashMap$EntrySpliterator.forEachRemaining(HashMap.java:1683) ~[?:1.8.0_51]
	at java.util.stream.AbstractPipeline.copyInto(AbstractPipeline.java:512) ~[?:1.8.0_51]
	at java.util.stream.AbstractPipeline.wrapAndCopyInto(AbstractPipeline.java:502) ~[?:1.8.0_51]
	at java.util.stream.ReduceOps$ReduceOp.evaluateSequential(ReduceOps.java:708) ~[?:1.8.0_51]
	at java.util.stream.AbstractPipeline.evaluate(AbstractPipeline.java:234) ~[?:1.8.0_51]
	at java.util.stream.ReferencePipeline.collect(ReferencePipeline.java:499) ~[?:1.8.0_51]
	at net.minecraftforge.fml.ModLoader.buildMods(ModLoader.java:277) ~[?:?]
	at net.minecraftforge.fml.ModLoader.lambda$gatherAndInitializeMods$11(ModLoader.java:177) ~[?:?]
	at net.minecraftforge.fml.ModLoader$$Lambda$3026/1062163248.apply(Unknown Source) ~[?:?]
	at java.util.stream.ReferencePipeline$3$1.accept(ReferencePipeline.java:193) ~[?:1.8.0_51]
	at java.util.stream.ReferencePipeline$3$1.accept(ReferencePipeline.java:193) ~[?:1.8.0_51]
	at java.util.ArrayList$ArrayListSpliterator.forEachRemaining(ArrayList.java:1374) ~[?:1.8.0_51]
	at java.util.stream.AbstractPipeline.copyInto(AbstractPipeline.java:512) ~[?:1.8.0_51]
	at java.util.stream.AbstractPipeline.wrapAndCopyInto(AbstractPipeline.java:502) ~[?:1.8.0_51]
	at java.util.stream.ReduceOps$ReduceOp.evaluateSequential(ReduceOps.java:708) ~[?:1.8.0_51]
	at java.util.stream.AbstractPipeline.evaluate(AbstractPipeline.java:234) ~[?:1.8.0_51]
	at java.util.stream.ReferencePipeline.collect(ReferencePipeline.java:499) ~[?:1.8.0_51]
	at net.minecraftforge.fml.ModLoader.gatherAndInitializeMods(ModLoader.java:179) [?:?]
	at net.minecraftforge.fml.client.ClientModLoader.lambda$begin$1(ClientModLoader.java:103) [?:?]
	at net.minecraftforge.fml.client.ClientModLoader$$Lambda$2890/1088818894.run(Unknown Source) [?:?]
	at net.minecraftforge.fml.client.ClientModLoader.lambda$createRunnableWithCatch$4(ClientModLoader.java:123) [?:?]
	at net.minecraftforge.fml.client.ClientModLoader$$Lambda$2891/1066561773.run(Unknown Source) [?:?]
	at net.minecraftforge.fml.client.ClientModLoader.begin(ClientModLoader.java:103) [?:?]
	at net.minecraft.client.Minecraft.<init>(Minecraft.java:437) [?:?]
	at net.minecraft.client.main.Main.main(Main.java:149) [?:?]
	at sun.reflect.NativeMethodAccessorImpl.invoke0(Native Method) ~[?:1.8.0_51]
	at sun.reflect.NativeMethodAccessorImpl.invoke(NativeMethodAccessorImpl.java:62) ~[?:1.8.0_51]
	at sun.reflect.DelegatingMethodAccessorImpl.invoke(DelegatingMethodAccessorImpl.java:43) ~[?:1.8.0_51]
	at java.lang.reflect.Method.invoke(Method.java:497) ~[?:1.8.0_51]
	at net.minecraftforge.fml.loading.FMLClientLaunchProvider.lambda$launchService$0(FMLClientLaunchProvider.java:51) [forge-1.16.5-36.0.0.jar:36.0]
	at net.minecraftforge.fml.loading.FMLClientLaunchProvider$$Lambda$428/995631377.call(Unknown Source) [forge-1.16.5-36.0.0.jar:36.0]
	at cpw.mods.modlauncher.LaunchServiceHandlerDecorator.launch(LaunchServiceHandlerDecorator.java:37) [modlauncher-8.0.9.jar:?]
	at cpw.mods.modlauncher.LaunchServiceHandler.launch(LaunchServiceHandler.java:54) [modlauncher-8.0.9.jar:?]
	at cpw.mods.modlauncher.LaunchServiceHandler.launch(LaunchServiceHandler.java:72) [modlauncher-8.0.9.jar:?]
	at cpw.mods.modlauncher.Launcher.run(Launcher.java:82) [modlauncher-8.0.9.jar:?]
	at cpw.mods.modlauncher.Launcher.main(Launcher.java:66) [modlauncher-8.0.9.jar:?]
[28Dec2021 14:47:24.176] [Render thread/ERROR] [net.minecraftforge.fml.ModLoader/]: Cowardly refusing to send event net.minecraftforge.client.event.sound.SoundLoadEvent to a broken mod state
[28Dec2021 14:47:24.304] [Render thread/ERROR] [net.minecraftforge.fml.ModLoader/]: Cowardly refusing to send event net.minecraftforge.client.event.ColorHandlerEvent$Block to a broken mod state
[28Dec2021 14:47:24.322] [Render thread/ERROR] [net.minecraftforge.fml.ModLoader/]: Cowardly refusing to send event net.minecraftforge.client.event.ColorHandlerEvent$Item to a broken mod state
[28Dec2021 14:47:24.879] [Render thread/ERROR] [net.minecraftforge.fml.ModLoader/]: Cowardly refusing to send event net.minecraftforge.client.event.ParticleFactoryRegisterEvent to a broken mod state
[28Dec2021 14:47:24.946] [Render thread/INFO] [com.mojang.text2speech.NarratorWindows/]: Narrator library for x64 successfully loaded
[28Dec2021 14:47:25.089] [Render thread/INFO] [net.minecraft.resources.SimpleReloadableResourceManager/]: Reloading ResourceManager: Default
[28Dec2021 14:47:25.234] [Worker-Main-9/ERROR] [net.minecraftforge.fml.ModLoader/]: Cowardly refusing to send event net.minecraftforge.client.event.ModelRegistryEvent to a broken mod state
[28Dec2021 14:47:25.387] [Worker-Main-7/ERROR] [net.minecraftforge.fml.ModLoader/]: Cowardly refusing to send event net.minecraftforge.client.event.TextureStitchEvent$Pre to a broken mod state
[28Dec2021 14:47:25.386] [Worker-Main-8/ERROR] [net.minecraftforge.fml.ModLoader/]: Cowardly refusing to send event net.minecraftforge.client.event.TextureStitchEvent$Pre to a broken mod state
[28Dec2021 14:47:25.735] [Worker-Main-10/ERROR] [net.minecraftforge.fml.ModLoader/]: Cowardly refusing to send event net.minecraftforge.client.event.TextureStitchEvent$Pre to a broken mod state
[28Dec2021 14:47:27.781] [Worker-Main-9/ERROR] [net.minecraftforge.fml.ModLoader/]: Cowardly refusing to send event net.minecraftforge.client.event.TextureStitchEvent$Pre to a broken mod state
[28Dec2021 14:47:28.144] [Worker-Main-9/ERROR] [net.minecraftforge.fml.ModLoader/]: Cowardly refusing to send event net.minecraftforge.client.event.TextureStitchEvent$Pre to a broken mod state
[28Dec2021 14:47:28.202] [Worker-Main-9/ERROR] [net.minecraftforge.fml.ModLoader/]: Cowardly refusing to send event net.minecraftforge.client.event.TextureStitchEvent$Pre to a broken mod state
[28Dec2021 14:47:28.234] [Worker-Main-9/ERROR] [net.minecraftforge.fml.ModLoader/]: Cowardly refusing to send event net.minecraftforge.client.event.TextureStitchEvent$Pre to a broken mod state
[28Dec2021 14:47:28.251] [Worker-Main-9/ERROR] [net.minecraftforge.fml.ModLoader/]: Cowardly refusing to send event net.minecraftforge.client.event.TextureStitchEvent$Pre to a broken mod state
[28Dec2021 14:47:28.274] [Worker-Main-9/ERROR] [net.minecraftforge.fml.ModLoader/]: Cowardly refusing to send event net.minecraftforge.client.event.TextureStitchEvent$Pre to a broken mod state
[28Dec2021 14:47:28.281] [Worker-Main-9/ERROR] [net.minecraftforge.fml.ModLoader/]: Cowardly refusing to send event net.minecraftforge.client.event.TextureStitchEvent$Pre to a broken mod state
[28Dec2021 14:47:28.448] [Render thread/INFO] [net.minecraft.client.audio.SoundSystem/]: OpenAL initialized.
[28Dec2021 14:47:28.449] [Render thread/INFO] [net.minecraft.client.audio.SoundEngine/SOUNDS]: Sound engine started
[28Dec2021 14:47:28.691] [Render thread/INFO] [net.minecraft.client.renderer.texture.AtlasTexture/]: Created: 1024x512x4 minecraft:textures/atlas/blocks.png-atlas
[28Dec2021 14:47:28.797] [Render thread/ERROR] [net.minecraftforge.fml.ModLoader/]: Cowardly refusing to send event net.minecraftforge.client.event.TextureStitchEvent$Post to a broken mod state
[28Dec2021 14:47:28.804] [Render thread/INFO] [net.minecraft.client.renderer.texture.AtlasTexture/]: Created: 256x128x4 minecraft:textures/atlas/signs.png-atlas
[28Dec2021 14:47:28.805] [Render thread/ERROR] [net.minecraftforge.fml.ModLoader/]: Cowardly refusing to send event net.minecraftforge.client.event.TextureStitchEvent$Post to a broken mod state
[28Dec2021 14:47:28.805] [Render thread/INFO] [net.minecraft.client.renderer.texture.AtlasTexture/]: Created: 512x512x4 minecraft:textures/atlas/banner_patterns.png-atlas
[28Dec2021 14:47:28.806] [Render thread/ERROR] [net.minecraftforge.fml.ModLoader/]: Cowardly refusing to send event net.minecraftforge.client.event.TextureStitchEvent$Post to a broken mod state
[28Dec2021 14:47:28.807] [Render thread/INFO] [net.minecraft.client.renderer.texture.AtlasTexture/]: Created: 512x512x4 minecraft:textures/atlas/shield_patterns.png-atlas
[28Dec2021 14:47:28.808] [Render thread/ERROR] [net.minecraftforge.fml.ModLoader/]: Cowardly refusing to send event net.minecraftforge.client.event.TextureStitchEvent$Post to a broken mod state
[28Dec2021 14:47:28.809] [Render thread/INFO] [net.minecraft.client.renderer.texture.AtlasTexture/]: Created: 256x256x4 minecraft:textures/atlas/chest.png-atlas
[28Dec2021 14:47:28.810] [Render thread/ERROR] [net.minecraftforge.fml.ModLoader/]: Cowardly refusing to send event net.minecraftforge.client.event.TextureStitchEvent$Post to a broken mod state
[28Dec2021 14:47:28.811] [Render thread/INFO] [net.minecraft.client.renderer.texture.AtlasTexture/]: Created: 512x256x4 minecraft:textures/atlas/beds.png-atlas
[28Dec2021 14:47:28.812] [Render thread/ERROR] [net.minecraftforge.fml.ModLoader/]: Cowardly refusing to send event net.minecraftforge.client.event.TextureStitchEvent$Post to a broken mod state
[28Dec2021 14:47:28.814] [Render thread/INFO] [net.minecraft.client.renderer.texture.AtlasTexture/]: Created: 512x256x4 minecraft:textures/atlas/shulker_boxes.png-atlas
[28Dec2021 14:47:28.815] [Render thread/ERROR] [net.minecraftforge.fml.ModLoader/]: Cowardly refusing to send event net.minecraftforge.client.event.TextureStitchEvent$Post to a broken mod state
[28Dec2021 14:47:29.135] [Render thread/ERROR] [net.minecraftforge.fml.ModLoader/]: Cowardly refusing to send event net.minecraftforge.client.event.ModelBakeEvent to a broken mod state
[28Dec2021 14:47:29.488] [Render thread/INFO] [net.minecraft.client.renderer.texture.AtlasTexture/]: Created: 256x256x0 minecraft:textures/atlas/particles.png-atlas
[28Dec2021 14:47:29.490] [Render thread/ERROR] [net.minecraftforge.fml.ModLoader/]: Cowardly refusing to send event net.minecraftforge.client.event.TextureStitchEvent$Post to a broken mod state
[28Dec2021 14:47:29.492] [Render thread/INFO] [net.minecraft.client.renderer.texture.AtlasTexture/]: Created: 256x256x0 minecraft:textures/atlas/paintings.png-atlas
[28Dec2021 14:47:29.493] [Render thread/ERROR] [net.minecraftforge.fml.ModLoader/]: Cowardly refusing to send event net.minecraftforge.client.event.TextureStitchEvent$Post to a broken mod state
[28Dec2021 14:47:29.493] [Render thread/INFO] [net.minecraft.client.renderer.texture.AtlasTexture/]: Created: 128x128x0 minecraft:textures/atlas/mob_effects.png-atlas
[28Dec2021 14:47:29.494] [Render thread/ERROR] [net.minecraftforge.fml.ModLoader/]: Cowardly refusing to send event net.minecraftforge.client.event.TextureStitchEvent$Post to a broken mod state
[28Dec2021 14:47:29.542] [Render thread/INFO] [STDOUT/]: [net.minecraft.crash.CrashReport:func_85057_a:196]: Negative index in crash report handler (23/26)
[28Dec2021 14:47:29.585] [Render thread/FATAL] [net.minecraftforge.fml.client.ClientModLoader/]: Crash report saved to C:\Users\vultorio\AppData\Roaming\.alpha67\alpha\crash-reports\crash-2021-12-28_14.47.29-fml.txt
[28Dec2021 14:47:36.141] [Render thread/INFO] [net.minecraft.client.Minecraft/]: Stopping!
